 * Serving Flask app 'app' (lazy loading)
 * Environment: production
   WARNING: This is a development server. Do not use it in a production deployment.
   Use a production WSGI server instead.
 * Debug mode: on
(114.12132286011229, 611.543967165767, 70, 4.102380881423196, -161.0, 4, 0, 2, 0)
[[0 1 0]]
Neutro
(114.12132286011229, 611.543967165767, 70, 4.102380881423196, -161.0, 4, 0, 2, 0)
[[0 1 0]]
Neutro
(1860.6003562021451, 6369.079065511068, 163, 0.0, 0, 0, 0, 0, 0)
[[1 0 0]]
Negativo
(1860.6003562021451, 6369.079065511068, 163, 0.0, 0, 0, 0, 0, 0)
[[1 0 0]]
Negativo
(0, 0, 0, 0, 0, 0, 0, 0, 0)
[[0 1 0]]
Neutro
(1211.9925288620602, 3040.273941057192, 145, 0.0, 0, 0, 0, 0, 0)
[[1 0 0]]
Negativo
(1168.8247595844387, 4211.690272613152, 271, 0.0, 0, 0, 0, 0, 0)
[[0 1 0]]
Neutro
(2509.4779408925606, 6579.848899598432, 405, 0.0, 0, 0, 0, 0, 0)
[[1 0 0]]
Negativo
(6992.952409350492, 77408.8806396091, 470, 0.0, 0, 0, 0, 0, 0)
[[0 0 1]]
Positivo
(7780.8076273171855, 81854.9423287294, 666, 0.0, 0, 0, 0, 0, 0)
[[0 0 1]]
Positivo
(0, 0, 0, 0, 0, 0, 0, 0, 0)
[[0 1 0]]
Neutro
(1260.5037156756605, 11854.510609069634, 120, 0.0, 0, 0, 0, 0, 0)
[[0 0 1]]
Positivo
(0, 0, 0, 0, 0, 0, 0, 0, 0)
[[0 1 0]]
Neutro
(789.2802447228502, 2861.900270631762, 77, 0.0, 0, 0, 0, 0, 0)
[[1 0 0]]
Negativo
(0, 0, 0, 0, 0, 0, 0, 0, 0)
[[0 1 0]]
Neutro
(142.69157682842504, 1979.6195613245739, 52, 0.0, 0, 0, 0, 0, 0)
[[0 0 1]]
Positivo
(0, 0, 0, 0, 0, 0, 0, 0, 0)
[[0 1 0]]
Neutro
(1350.2810046522459, 2179.2627258768107, 128, 805.2050899870345, 3545.0, 2, 0, 3, 0)
[[0 1 0]]
Neutro
(1422.8330100703608, 2681.8295469284194, 156, 811.293470098016, 13032.0, 4, 0, 10, 0)
[[0 1 0]]
Neutro
(2162.5976643752742, 7253.199876829008, 515, 0.0, 0, 0, 0, 0, 0)
[[0 1 0]]
Neutro
(5184.870035902906, 21119.234876261635, 890, 1488.6279577256882, 2094.0, 7, 0, 0, 0)
[[0 1 0]]
Neutro
(19862.532451611307, 104149.26837917698, 768, 1611.6174008952605, 3177.0, 12, 0, 11, 0)
[[0 1 0]]
Neutro
(35498.50009081037, 194877.41229479076, 1476, 33051.8937983435, 16024.0, 14, 0, 11, 0)
[[0 1 0]]
Neutro
(614.5746759472001, 24723.279614789524, 278, 159.51542629877304, 5488.0, 11, 0, 7, 0)
[[0 1 0]]
Neutro
(2258.133927230601, 36816.08128433355, 542, 210.25010310885546, 16320.0, 27, 0, 51, 1)
[[0 1 0]]
Neutro
(0, 0, 0, 0, 0, 0, 0, 0, 0)
[[0 1 0]]
Neutro
(0, 0, 0, 0, 0, 0, 0, 0, 0)
[[0 1 0]]
Neutro
(0, 0, 0, 0, 0, 0, 0, 0, 0)
[[0 1 0]]
Neutro
(306.27453755225554, 323.5227678478635, 10, 0.0, 0, 0, 0, 0, 0)
[[0 0 1]]
Positivo
(1691.3841231925367, 4546.422446251647, 202, 1026.2847412128579, 5031.0, 8, 0, 5, 0)
[[0 0 1]]
Positivo
(3663.1021113398206, 14879.479879505787, 592, 1257.0634594463313, 15999.0, 24, 0, 5, 0)
[[0 0 1]]
Positivo
(588.5383935300636, 4085.596773937284, 155, 10.605089709767412, 5032.0, 8, 0, 3, 0)
[[0 1 0]]
Neutro
(2355.1734436142174, 10519.207246537713, 443, 851.8138361979563, 12696.0, 17, 0, 3, 0)
[[0 0 1]]
Positivo
(0, 0, 0, 0, 0, 0, 0, 0, 0)
[[0 1 0]]
Neutro
(1099.2404432381104, 5341.525599719659, 152, 243.82634444409382, 2575.0, 11, 0, 0, 0)
[[0 0 1]]
Positivo
(619.1138808629651, 2972.7182059212982, 118, 158.31646935802024, 3712.0, 3, 0, 0, 0)
[[0 0 1]]
Positivo
(1914.87627166516, 3301.9816679991927, 173, 923.5465428828702, 9327.0, 4, 0, 0, 0)
[[0 1 0]]
Neutro
(0, 0, 0, 0, 0, 0, 0, 0, 0)
[[0 1 0]]
Neutro
(0, 0, 0, 0, 0, 0, 0, 0, 0)
[[0 1 0]]
Neutro
(0, 0, 0, 0, 0, 0, 0, 0, 0)
[[0 1 0]]
Neutro
(0, 0, 0, 0, 0, 0, 0, 0, 0)
[[0 1 0]]
Neutro
(0, 0, 0, 0, 0, 0, 0, 0, 0)
[[0 1 0]]
Neutro
(0, 0, 0, 0, 0, 0, 0, 0, 0)
[[0 1 0]]
Neutro
(0, 0, 0, 0, 0, 0, 0, 0, 0)
[[0 1 0]]
Neutro
(496.7908492496657, 737.8020398576737, 17, 0.0, 0, 0, 0, 0, 0)
[[1 0 0]]
Negativo
(0, 0, 0, 0, 0, 0, 0, 0, 0)
[[0 1 0]]
Neutro
(0, 0, 0, 0, 0, 0, 0, 0, 0)
[[0 1 0]]
Neutro
(0, 0, 0, 0, 0, 0, 0, 0, 0)
[[0 1 0]]
Neutro
(0, 0, 0, 0, 0, 0, 0, 0, 0)
[[0 1 0]]
Neutro
(0, 0, 0, 0, 0, 0, 0, 0, 0)
[[0 1 0]]
Neutro
(0, 0, 0, 0, 0, 0, 0, 0, 0)
[[0 1 0]]
Neutro
(0, 0, 0, 0, 0, 0, 0, 0, 0)
[[0 1 0]]
Neutro
(0, 0, 0, 0, 0, 0, 0, 0, 0)
[[0 1 0]]
Neutro
(0, 0, 0, 0, 0, 0, 0, 0, 0)
[[0 1 0]]
Neutro
(0, 0, 0, 0, 0, 0, 0, 0, 0)
[[0 1 0]]
Neutro
(0, 0, 0, 0, 0, 0, 0, 0, 0)
[[0 1 0]]
Neutro
(0, 0, 0, 0, 0, 0, 0, 0, 0)
[[0 1 0]]
Neutro
(0, 0, 0, 0, 0, 0, 0, 0, 0)
[[0 1 0]]
Neutro
(0, 0, 0, 0, 0, 0, 0, 0, 0)
[[0 1 0]]
Neutro
 * Serving Flask app 'app' (lazy loading)
 * Environment: production
   WARNING: This is a development server. Do not use it in a production deployment.
   Use a production WSGI server instead.
 * Debug mode: on
(0, 0, 0, 0, 0, 0, 0, 0, 0)
[[0 1 0]]
Neutro
(0, 0, 0, 0, 0, 0, 0, 0, 0)
[[0 1 0]]
Neutro
(0, 0, 0, 0, 0, 0, 0, 0, 0)
[[0 1 0]]
Neutro
(0, 0, 0, 0, 0, 0, 0, 0, 0)
[[0 1 0]]
Neutro
(0, 0, 0, 0, 0, 0, 0, 0, 0)
[[0 1 0]]
Neutro
(0, 0, 0, 0, 0, 0, 0, 0, 0)
[[0 1 0]]
Neutro
(0, 0, 0, 0, 0, 0, 0, 0, 0)
[[0 1 0]]
Neutro
(0, 0, 0, 0, 0, 0, 0, 0, 0)
[[0 1 0]]
Neutro
(0, 0, 0, 0, 0, 0, 0, 0, 0)
[[0 1 0]]
Neutro
(0, 0, 0, 0, 0, 0, 0, 0, 0)
[[0 1 0]]
Neutro
(0, 0, 0, 0, 0, 0, 0, 0, 0)
[[0 1 0]]
Neutro
(0, 0, 0, 0, 0, 0, 0, 0, 0)
[[0 1 0]]
Neutro
(0, 0, 0, 0, 0, 0, 0, 0, 0)
[[0 1 0]]
Neutro
(0, 0, 0, 0, 0, 0, 0, 0, 0)
[[0 1 0]]
Neutro
(0, 0, 0, 0, 0, 0, 0, 0, 0)
[[0 1 0]]
Neutro
(0, 0, 0, 0, 0, 0, 0, 0, 0)
[[0 1 0]]
Neutro
(0, 0, 0, 0, 0, 0, 0, 0, 0)
[[0 1 0]]
Neutro
(0, 0, 0, 0, 0, 0, 0, 0, 0)
[[0 1 0]]
Neutro
(0, 0, 0, 0, 0, 0, 0, 0, 0)
[[0 1 0]]
Neutro
(0, 0, 0, 0, 0, 0, 0, 0, 0)
[[0 1 0]]
Neutro
(0, 0, 0, 0, 0, 0, 0, 0, 0)
[[0 1 0]]
Neutro
(0, 0, 0, 0, 0, 0, 0, 0, 0)
[[0 1 0]]
Neutro
(0, 0, 0, 0, 0, 0, 0, 0, 0)
[[0 1 0]]
Neutro
(0, 0, 0, 0, 0, 0, 0, 0, 0)
[[0 1 0]]
Neutro
(0, 0, 0, 0, 0, 0, 0, 0, 0)
[[0 1 0]]
Neutro
(0, 0, 0, 0, 0, 0, 0, 0, 0)
[[0 1 0]]
Neutro
(0, 0, 0, 0, 0, 0, 0, 0, 0)
[[0 1 0]]
Neutro
(0, 0, 0, 0, 0, 0, 0, 0, 0)
[[0 1 0]]
Neutro
(0, 0, 0, 0, 0, 0, 0, 0, 0)
[[0 1 0]]
Neutro
(0, 0, 0, 0, 0, 0, 0, 0, 0)
[[0 1 0]]
Neutro
(0, 0, 0, 0, 0, 0, 0, 0, 0)
[[0 1 0]]
Neutro
(0, 0, 0, 0, 0, 0, 0, 0, 0)
[[0 1 0]]
Neutro
 * Serving Flask app 'app' (lazy loading)
 * Environment: production
   WARNING: This is a development server. Do not use it in a production deployment.
   Use a production WSGI server instead.
 * Debug mode: on
 * Serving Flask app 'app' (lazy loading)
 * Environment: production
   WARNING: This is a development server. Do not use it in a production deployment.
   Use a production WSGI server instead.
 * Debug mode: on
 * Serving Flask app 'app' (lazy loading)
 * Environment: production
   WARNING: This is a development server. Do not use it in a production deployment.
   Use a production WSGI server instead.
 * Debug mode: on
 * Serving Flask app 'app' (lazy loading)
 * Environment: production
   WARNING: This is a development server. Do not use it in a production deployment.
   Use a production WSGI server instead.
 * Debug mode: on
 * Serving Flask app 'app' (lazy loading)
 * Environment: production
   WARNING: This is a development server. Do not use it in a production deployment.
   Use a production WSGI server instead.
 * Debug mode: on
 * Serving Flask app 'app' (lazy loading)
 * Environment: production
   WARNING: This is a development server. Do not use it in a production deployment.
   Use a production WSGI server instead.
 * Debug mode: on
 * Serving Flask app 'app' (lazy loading)
 * Environment: production
   WARNING: This is a development server. Do not use it in a production deployment.
   Use a production WSGI server instead.
 * Debug mode: on
 * Serving Flask app 'app' (lazy loading)
 * Environment: production
   WARNING: This is a development server. Do not use it in a production deployment.
   Use a production WSGI server instead.
 * Debug mode: on
 * Serving Flask app 'app' (lazy loading)
 * Environment: production
   WARNING: This is a development server. Do not use it in a production deployment.
   Use a production WSGI server instead.
 * Debug mode: on
 * Serving Flask app 'app' (lazy loading)
 * Environment: production
   WARNING: This is a development server. Do not use it in a production deployment.
   Use a production WSGI server instead.
 * Debug mode: on
 * Serving Flask app 'app' (lazy loading)
 * Environment: production
   WARNING: This is a development server. Do not use it in a production deployment.
   Use a production WSGI server instead.
 * Debug mode: on
 * Serving Flask app 'app' (lazy loading)
 * Environment: production
   WARNING: This is a development server. Do not use it in a production deployment.
   Use a production WSGI server instead.
 * Debug mode: on
(2010.6322475420798, 5442.076867194737, 132, 539.5560185545564, 2047.0, 2, 0, 0, 0)
[[0 0 1]]
Positivo
(2010.6322475420798, 5442.076867194737, 132, 539.5560185545564, 2047.0, 2, 0, 0, 0)
[[0 0 1]]
Positivo
(836.6576541257103, 931.4945617904559, 47, 0.0, 0, 1, 0, 0, 0)
[[0 0 1]]
Positivo
(836.6576541257103, 931.4945617904559, 47, 0.0, 0, 1, 0, 0, 0)
[[0 0 1]]
Positivo
(250.18783966883925, 155.25662775162365, 27, 0.0, 0, 0, 0, 0, 0)
[[0 0 1]]
Positivo
(250.18783966883925, 155.25662775162365, 27, 0.0, 0, 0, 0, 0, 0)
[[0 0 1]]
Positivo
(0, 0, 0, 0, 0, 0, 0, 0, 0)
[[0 1 0]]
Neutro
(0, 0, 0, 0, 0, 0, 0, 0, 0)
[[0 1 0]]
Neutro
(0, 0, 0, 0, 0, 0, 0, 0, 0)
[[0 1 0]]
Neutro
(0, 0, 0, 0, 0, 0, 0, 0, 0)
[[0 1 0]]
Neutro
(0, 0, 0, 0, 0, 0, 0, 0, 0)
[[0 1 0]]
Neutro
(0, 0, 0, 0, 0, 0, 0, 0, 0)
[[0 1 0]]
Neutro
(0, 0, 0, 0, 0, 0, 0, 0, 0)
[[0 1 0]]
Neutro
(0, 0, 0, 0, 0, 0, 0, 0, 0)
[[0 1 0]]
Neutro
(0, 0, 0, 0, 0, 0, 0, 0, 0)
[[0 1 0]]
Neutro
(0, 0, 0, 0, 0, 0, 0, 0, 0)
[[0 1 0]]
Neutro
(0, 0, 0, 0, 0, 0, 0, 0, 0)
[[0 1 0]]
Neutro
(0, 0, 0, 0, 0, 0, 0, 0, 0)
[[0 1 0]]
Neutro
(0, 0, 0, 0, 0, 0, 0, 0, 0)
[[0 1 0]]
Neutro
(0, 0, 0, 0, 0, 0, 0, 0, 0)
[[0 1 0]]
Neutro
(0, 0, 0, 0, 0, 0, 0, 0, 0)
[[0 1 0]]
Neutro
(0, 0, 0, 0, 0, 0, 0, 0, 0)
[[0 1 0]]
Neutro
(0, 0, 0, 0, 0, 0, 0, 0, 0)
[[0 1 0]]
Neutro
(0, 0, 0, 0, 0, 0, 0, 0, 0)
[[0 1 0]]
Neutro
(0, 0, 0, 0, 0, 0, 0, 0, 0)
[[0 1 0]]
Neutro
(0, 0, 0, 0, 0, 0, 0, 0, 0)
[[0 1 0]]
Neutro
(0, 0, 0, 0, 0, 0, 0, 0, 0)
[[0 1 0]]
Neutro
(0, 0, 0, 0, 0, 0, 0, 0, 0)
[[0 1 0]]
Neutro
(0, 0, 0, 0, 0, 0, 0, 0, 0)
[[0 1 0]]
Neutro
(0, 0, 0, 0, 0, 0, 0, 0, 0)
[[0 1 0]]
Neutro
(0, 0, 0, 0, 0, 0, 0, 0, 0)
[[0 1 0]]
Neutro
(0, 0, 0, 0, 0, 0, 0, 0, 0)
[[0 1 0]]
Neutro
(0, 0, 0, 0, 0, 0, 0, 0, 0)
[[0 1 0]]
Neutro
(0, 0, 0, 0, 0, 0, 0, 0, 0)
[[0 1 0]]
Neutro
(0, 0, 0, 0, 0, 0, 0, 0, 0)
[[0 1 0]]
Neutro
(0, 0, 0, 0, 0, 0, 0, 0, 0)
[[0 1 0]]
Neutro
(0, 0, 0, 0, 0, 0, 0, 0, 0)
[[0 1 0]]
Neutro
(0, 0, 0, 0, 0, 0, 0, 0, 0)
[[0 1 0]]
Neutro
(0, 0, 0, 0, 0, 0, 0, 0, 0)
[[0 1 0]]
Neutro
(0, 0, 0, 0, 0, 0, 0, 0, 0)
[[0 1 0]]
Neutro
(0, 0, 0, 0, 0, 0, 0, 0, 0)
[[0 1 0]]
Neutro
(0, 0, 0, 0, 0, 0, 0, 0, 0)
[[0 1 0]]
Neutro
(0, 0, 0, 0, 0, 0, 0, 0, 0)
[[0 1 0]]
Neutro
(0, 0, 0, 0, 0, 0, 0, 0, 0)
[[0 1 0]]
Neutro
(0, 0, 0, 0, 0, 0, 0, 0, 0)
[[0 1 0]]
Neutro
(0, 0, 0, 0, 0, 0, 0, 0, 0)
[[0 1 0]]
Neutro
(0, 0, 0, 0, 0, 0, 0, 0, 0)
[[0 1 0]]
Neutro
(0, 0, 0, 0, 0, 0, 0, 0, 0)
[[0 1 0]]
Neutro
(0, 0, 0, 0, 0, 0, 0, 0, 0)
[[0 1 0]]
Neutro
(0, 0, 0, 0, 0, 0, 0, 0, 0)
[[0 1 0]]
Neutro
(0, 0, 0, 0, 0, 0, 0, 0, 0)
[[0 1 0]]
Neutro
(0, 0, 0, 0, 0, 0, 0, 0, 0)
[[0 1 0]]
Neutro
(0, 0, 0, 0, 0, 0, 0, 0, 0)
[[0 1 0]]
Neutro
(0, 0, 0, 0, 0, 0, 0, 0, 0)
[[0 1 0]]
Neutro
(0, 0, 0, 0, 0, 0, 0, 0, 0)
[[0 1 0]]
Neutro
(0, 0, 0, 0, 0, 0, 0, 0, 0)
[[0 1 0]]
Neutro
(0, 0, 0, 0, 0, 0, 0, 0, 0)
[[0 1 0]]
Neutro
(0, 0, 0, 0, 0, 0, 0, 0, 0)
[[0 1 0]]
Neutro
(0, 0, 0, 0, 0, 0, 0, 0, 0)
[[0 1 0]]
Neutro
(0, 0, 0, 0, 0, 0, 0, 0, 0)
[[0 1 0]]
Neutro
(0, 0, 0, 0, 0, 0, 0, 0, 0)
[[0 1 0]]
Neutro
(0, 0, 0, 0, 0, 0, 0, 0, 0)
[[0 1 0]]
Neutro
(232.42328510423872, 551.1631856838804, 26, 0.0, 0, 0, 0, 0, 0)
[[1 0 0]]
Negativo
(671.1850048411178, 2805.921862555187, 80, 0.0, 0, 0, 0, 0, 0)
[[0 1 0]]
Neutro
(671.1850048411178, 2805.921862555187, 80, 0.0, 0, 0, 0, 0, 0)
[[0 1 0]]
Neutro
(691.315681683541, 692.9973051302038, 30, 0.0, 0, 0, 0, 0, 0)
[[0 0 1]]
Positivo
(691.315681683541, 692.9973051302038, 30, 0.0, 0, 0, 0, 0, 0)
[[0 0 1]]
Positivo
(172.66108854451596, 38.50987611742573, 6, 0.0, 0, 0, 0, 0, 0)
[[0 0 1]]
Positivo
(172.66108854451596, 38.50987611742573, 6, 0.0, 0, 0, 0, 0, 0)
[[0 0 1]]
Positivo
(333.1855563474779, 272.55788437995074, 19, 0.0, 0, 0, 0, 0, 0)
[[0 0 1]]
Positivo
(333.1855563474779, 272.55788437995074, 19, 0.0, 0, 0, 0, 0, 0)
[[0 0 1]]
Positivo
(1219.4166280251616, 5963.286613150817, 184, 887.2064021832243, 6144.0, 2, 0, 0, 0)
[[0 0 1]]
Positivo
(1496.4636076931579, 6809.164191378479, 238, 887.2064021832243, 6144.0, 2, 0, 0, 0)
[[0 0 1]]
Positivo
(0, 0, 0, 0, 0, 0, 0, 0, 0)
[[0 1 0]]
Neutro
(0, 0, 0, 0, 0, 0, 0, 0, 0)
[[0 1 0]]
Neutro
(10217.977338489125, 59729.21300917951, 542, 0.0, 0, 1, 0, 0, 0)
[[0 1 0]]
Neutro
(23992.84667009285, 318879.6571441625, 1628, 0.0, 0, 1, 0, 0, 0)
[[0 0 1]]
Positivo
(8861.044156136186, 119486.9536187957, 700, 0.0, 0, 0, 0, 0, 0)
[[0 0 1]]
Positivo
(21413.107900468487, 1027011.857597324, 1795, 0.0, 0, 0, 0, 0, 0)
[[0 0 1]]
Positivo
(6596.0313146341605, 36208.45901463106, 560, 0.0, 0, 0, 0, 0, 0)
[[0 1 0]]
Neutro
(18163.795619467877, 278993.37763351994, 1509, 0.0, 0, 0, 0, 0, 0)
[[0 0 1]]
Positivo
(0, 0, 0, 0, 0, 0, 0, 0, 0)
[[0 1 0]]
Neutro
(0, 0, 0, 0, 0, 0, 0, 0, 0)
[[0 1 0]]
Neutro
(0, 0, 0, 0, 0, 0, 0, 0, 0)
[[0 1 0]]
Neutro
(0, 0, 0, 0, 0, 0, 0, 0, 0)
[[0 1 0]]
Neutro
(0, 0, 0, 0, 0, 0, 0, 0, 0)
[[0 1 0]]
Neutro
(0, 0, 0, 0, 0, 0, 0, 0, 0)
[[0 1 0]]
Neutro
(600.9176443605884, 4692.34686952043, 70, 130.12979703609557, 872.0, 3, 0, 0, 0)
[[0 1 0]]
Neutro
(1116.0081213782703, 7809.142959413995, 137, 131.1649675219138, 1296.0, 4, 0, 0, 0)
[[0 1 0]]
Neutro
(0, 0, 0, 0, 0, 0, 0, 0, 0)
[[0 1 0]]
Neutro
(2.0, 89.9258000732127, 2, 0.0, 0, 0, 0, 0, 0)
[[0 0 1]]
Positivo
(2.0, 89.9258000732127, 2, 0.0, 0, 0, 0, 0, 0)
[[0 0 1]]
Positivo
(0, 0, 0, 0, 0, 0, 0, 0, 0)
[[0 1 0]]
Neutro
(0, 0, 0, 0, 0, 0, 0, 0, 0)
[[0 1 0]]
Neutro
(0, 0, 0, 0, 0, 0, 0, 0, 0)
[[0 1 0]]
Neutro
(0, 0, 0, 0, 0, 0, 0, 0, 0)
[[0 1 0]]
Neutro
(0, 0, 0, 0, 0, 0, 0, 0, 0)
[[0 1 0]]
Neutro
(0, 0, 0, 0, 0, 0, 0, 0, 0)
[[0 1 0]]
Neutro
(585.2619045309009, 4180.968946374254, 125, 0.0, 600.0, 2, 0, 0, 0)
[[0 1 0]]
Neutro
(1324.7081044445213, 10239.833065435958, 231, 310.23570321711634, 5802.0, 5, 0, 0, 0)
[[0 1 0]]
Neutro
(0, 0, 0, 0, 0, 0, 0, 0, 0)
[[0 1 0]]
Neutro
(0, 0, 0, 0, 0, 0, 0, 0, 0)
[[0 1 0]]
Neutro
(0, 0, 0, 0, 0, 0, 0, 0, 0)
[[0 1 0]]
Neutro
(0, 0, 0, 0, 0, 0, 0, 0, 0)
[[0 1 0]]
Neutro
(107.65477682344985, 2760.9222416744647, 45, 0.0, 0, 1, 0, 0, 0)
[[0 0 1]]
Positivo
(807.7010381753936, 4300.53100301066, 73, 0.0, 0, 1, 0, 0, 0)
[[0 1 0]]
Neutro
(0, 0, 0, 0, 0, 0, 0, 0, 0)
[[0 1 0]]
Neutro
(0, 0, 0, 0, 0, 0, 0, 0, 0)
[[0 1 0]]
Neutro
(0, 0, 0, 0, 0, 0, 0, 0, 0)
[[0 1 0]]
Neutro
(0, 0, 0, 0, 0, 0, 0, 0, 0)
[[0 1 0]]
Neutro
(0, 0, 0, 0, 0, 0, 0, 0, 0)
[[0 1 0]]
Neutro
(0, 0, 0, 0, 0, 0, 0, 0, 0)
[[0 1 0]]
Neutro
(0, 0, 0, 0, 0, 0, 0, 0, 0)
[[0 1 0]]
Neutro
(0, 0, 0, 0, 0, 0, 0, 0, 0)
[[0 1 0]]
Neutro
(0, 0, 0, 0, 0, 0, 0, 0, 0)
[[0 1 0]]
Neutro
(0, 0, 0, 0, 0, 0, 0, 0, 0)
[[0 1 0]]
Neutro
(0, 0, 0, 0, 0, 0, 0, 0, 0)
[[0 1 0]]
Neutro
(0, 0, 0, 0, 0, 0, 0, 0, 0)
[[0 1 0]]
Neutro
(0, 0, 0, 0, 0, 0, 0, 0, 0)
[[0 1 0]]
Neutro
(0, 0, 0, 0, 0, 0, 0, 0, 0)
[[0 1 0]]
Neutro
(0, 0, 0, 0, 0, 0, 0, 0, 0)
[[0 1 0]]
Neutro
(0, 0, 0, 0, 0, 0, 0, 0, 0)
[[0 1 0]]
Neutro
(0, 0, 0, 0, 0, 0, 0, 0, 0)
[[0 1 0]]
Neutro
(0, 0, 0, 0, 0, 0, 0, 0, 0)
[[0 1 0]]
Neutro
(0, 0, 0, 0, 0, 0, 0, 0, 0)
[[0 1 0]]
Neutro
(0, 0, 0, 0, 0, 0, 0, 0, 0)
[[0 1 0]]
Neutro
(0, 0, 0, 0, 0, 0, 0, 0, 0)
[[0 1 0]]
Neutro
(0, 0, 0, 0, 0, 0, 0, 0, 0)
[[0 1 0]]
Neutro
(0, 0, 0, 0, 0, 0, 0, 0, 0)
[[0 1 0]]
Neutro
(0, 0, 0, 0, 0, 0, 0, 0, 0)
[[0 1 0]]
Neutro
(0, 0, 0, 0, 0, 0, 0, 0, 0)
[[0 1 0]]
Neutro
(0, 0, 0, 0, 0, 0, 0, 0, 0)
[[0 1 0]]
Neutro
(0, 0, 0, 0, 0, 0, 0, 0, 0)
[[0 1 0]]
Neutro
(0, 0, 0, 0, 0, 0, 0, 0, 0)
[[0 1 0]]
Neutro
(0, 0, 0, 0, 0, 0, 0, 0, 0)
[[0 1 0]]
Neutro
(0, 0, 0, 0, 0, 0, 0, 0, 0)
[[0 1 0]]
Neutro
(0, 0, 0, 0, 0, 0, 0, 0, 0)
[[0 1 0]]
Neutro
(0, 0, 0, 0, 0, 0, 0, 0, 0)
[[0 1 0]]
Neutro
(0, 0, 0, 0, 0, 0, 0, 0, 0)
[[0 1 0]]
Neutro
(0, 0, 0, 0, 0, 0, 0, 0, 0)
[[0 1 0]]
Neutro
(0, 0, 0, 0, 0, 0, 0, 0, 0)
[[0 1 0]]
Neutro
(0, 0, 0, 0, 0, 0, 0, 0, 0)
[[0 1 0]]
Neutro
(0, 0, 0, 0, 0, 0, 0, 0, 0)
[[0 1 0]]
Neutro
(0, 0, 0, 0, 0, 0, 0, 0, 0)
[[0 1 0]]
Neutro
(0, 0, 0, 0, 0, 0, 0, 0, 0)
[[0 1 0]]
Neutro
(0, 0, 0, 0, 0, 0, 0, 0, 0)
[[0 1 0]]
Neutro
(0, 0, 0, 0, 0, 0, 0, 0, 0)
[[0 1 0]]
Neutro
(0, 0, 0, 0, 0, 0, 0, 0, 0)
[[0 1 0]]
Neutro
(0, 0, 0, 0, 0, 0, 0, 0, 0)
[[0 1 0]]
Neutro
(0, 0, 0, 0, 0, 0, 0, 0, 0)
[[0 1 0]]
Neutro
(0, 0, 0, 0, 0, 0, 0, 0, 0)
[[0 1 0]]
Neutro
(0, 0, 0, 0, 0, 0, 0, 0, 0)
[[0 1 0]]
Neutro
(0, 0, 0, 0, 0, 0, 0, 0, 0)
[[0 1 0]]
Neutro
(0, 0, 0, 0, 0, 0, 0, 0, 0)
[[0 1 0]]
Neutro
(0, 0, 0, 0, 0, 0, 0, 0, 0)
[[0 1 0]]
Neutro
(0, 0, 0, 0, 0, 0, 0, 0, 0)
[[0 1 0]]
Neutro
(0, 0, 0, 0, 0, 0, 0, 0, 0)
[[0 1 0]]
Neutro
(0, 0, 0, 0, 0, 0, 0, 0, 0)
[[0 1 0]]
Neutro
(0, 0, 0, 0, 0, 0, 0, 0, 0)
[[0 1 0]]
Neutro
(0, 0, 0, 0, 0, 0, 0, 0, 0)
[[0 1 0]]
Neutro
(0, 0, 0, 0, 0, 0, 0, 0, 0)
[[0 1 0]]
Neutro
(0, 0, 0, 0, 0, 0, 0, 0, 0)
[[0 1 0]]
Neutro
(0, 0, 0, 0, 0, 0, 0, 0, 0)
[[0 1 0]]
Neutro
(0, 0, 0, 0, 0, 0, 0, 0, 0)
[[0 1 0]]
Neutro
(0, 0, 0, 0, 0, 0, 0, 0, 0)
[[0 1 0]]
Neutro
(768.8641503385495, 2603.9171590711694, 72, 0.0, 0, 1, 0, 0, 0)
[[1 0 0]]
Negativo
(0, 0, 0, 0, 0, 0, 0, 0, 0)
[[0 1 0]]
Neutro
(0, 0, 0, 0, 0, 0, 0, 0, 0)
[[0 1 0]]
Neutro
(0, 0, 0, 0, 0, 0, 0, 0, 0)
[[0 1 0]]
Neutro
(0, 0, 0, 0, 0, 0, 0, 0, 0)
[[0 1 0]]
Neutro
(0, 0, 0, 0, 0, 0, 0, 0, 0)
[[0 1 0]]
Neutro
(0, 0, 0, 0, 0, 0, 0, 0, 0)
[[0 1 0]]
Neutro
(250.13283372773293, 3813.4468931409615, 65, 0.0, 0, 1, 0, 0, 0)
[[0 0 1]]
Positivo
(1247.9013748743582, 6522.368018630865, 138, 792.5673148840176, 10448.0, 4, 0, 0, 0)
[[0 1 0]]
Neutro
(0, 0, 0, 0, 0, 0, 0, 0, 0)
[[0 1 0]]
Neutro
(594.7663352402983, 1019.5550665906927, 71, 0.0, 3593.0, 3, 0, 0, 0)
[[0 0 1]]
Positivo
(243.70636286268282, 1201.9421616465618, 54, 7.533942506309302, 1096.0, 2, 0, 0, 0)
[[0 0 1]]
Positivo
(3516.866647051996, 12986.598245199504, 244, 10.216722984324917, 4048.0, 3, 0, 4, 0)
[[0 0 1]]
Positivo
(0, 0, 0, 0, 0, 0, 0, 0, 0)
[[0 1 0]]
Neutro
(350.09808393381684, 825.6166583361553, 19, 0.0, 0, 0, 0, 0, 0)
[[1 0 0]]
Negativo
(614.528874139327, 2496.424847070994, 35, 0.0, 0, 0, 0, 0, 0)
[[0 1 0]]
Neutro
(0, 0, 0, 0, 0, 0, 0, 0, 0)
[[0 1 0]]
Neutro
(0, 0, 0, 0, 0, 0, 0, 0, 0)
[[0 1 0]]
Neutro
(0, 0, 0, 0, 0, 0, 0, 17, 0)
[[0 1 0]]
Neutro
(0, 0, 0, 0, 0, 0, 9, 37, 20)
[[0 1 0]]
Neutro
(0, 0, 0, 0, 0, 0, 0, 0, 0)
[[0 1 0]]
Neutro
(0, 0, 0, 0, 0, 0, 0, 0, 0)
[[0 1 0]]
Neutro
(0, 0, 0, 0, 0, 0, 0, 0, 0)
[[0 1 0]]
Neutro
(0, 0, 0, 0, 0, 0, 0, 0, 0)
[[0 1 0]]
Neutro
(0, 0, 0, 0, 0, 0, 0, 0, 0)
[[0 1 0]]
Neutro
(0, 0, 0, 0, 0, 0, 0, 0, 0)
[[0 1 0]]
Neutro
(286.28302341118797, 5274.537545572233, 55, 0.0, 1312.0, 2, 0, 0, 0)
[[0 1 0]]
Neutro
(949.423080011866, 6986.086126455473, 124, 623.1272845619136, 10289.0, 3, 0, 0, 0)
[[0 0 1]]
Positivo
(0, 0, 0, 0, 0, 0, 0, 0, 0)
[[0 1 0]]
Neutro
(0, 0, 0, 0, 0, 0, 0, 0, 0)
[[0 1 0]]
Neutro
(0, 0, 0, 0, 0, 0, 0, 0, 0)
[[0 1 0]]
Neutro
(0, 0, 0, 0, 0, 0, 0, 0, 0)
[[0 1 0]]
Neutro
(0, 0, 0, 0, 0, 0, 0, 0, 0)
[[0 1 0]]
Neutro
(0, 0, 0, 0, 0, 0, 0, 0, 0)
[[0 1 0]]
Neutro
(194.84647832114538, 611.1705579194021, 15, 0.0, 0, 0, 0, 0, 0)
[[1 0 0]]
Negativo
(3533.8363612396347, 70496.37426443592, 287, 1.8360983972460758, 224.0, 2, 0, 0, 0)
[[0 0 1]]
Positivo
(1349.799886613958, 5781.8157686330005, 92, 0.0, 0, 0, 0, 0, 0)
[[0 1 0]]
Neutro
(0, 0, 0, 0, 0, 0, 0, 0, 0)
[[0 1 0]]
Neutro
(1350.799886613958, 5794.966133076447, 93, 0.0, 0, 0, 0, 0, 0)
[[0 1 0]]
Neutro
(947.1761396645046, 3129.1049335376915, 97, 0.0, 0, 0, 0, 0, 0)
[[1 0 0]]
Negativo
(0, 0, 0, 0, 0, 0, 0, 0, 0)
[[0 1 0]]
Neutro
(1045.784306420189, 3599.3171697600296, 116, 0.0, 0, 0, 0, 0, 0)
[[1 0 0]]
Negativo
(579.7047057874864, 13120.403047616144, 23, 0.0, 0, 0, 0, 0, 0)
[[0 0 1]]
Positivo
(453.15274492713144, 704.5406851170892, 40, 0.0, 0, 0, 0, 0, 0)
[[1 0 0]]
Negativo
(0, 0, 0, 0, 0, 0, 0, 0, 0)
[[0 1 0]]
Neutro
(453.15274492713144, 704.5406851170892, 40, 0.0, 0, 0, 0, 0, 0)
[[1 0 0]]
Negativo
(10152.406047826962, 37699.278212296136, 381, 0.0, 0, 0, 0, 0, 0)
[[1 0 0]]
Negativo
(0, 0, 0, 0, 0, 0, 0, 0, 0)
[[0 1 0]]
Neutro
(1176.4278855095847, 13776.393076900828, 185, 0.0, 0, 1, 0, 0, 0)
[[0 0 1]]
Positivo
(0, 0, 0, 0, 0, 0, 0, 0, 0)
[[0 1 0]]
Neutro
(1176.4278855095847, 13776.393076900828, 185, 0.0, 0, 1, 0, 0, 0)
[[0 0 1]]
Positivo
(0, 0, 0, 0, 0, 0, 0, 0, 0)
[[0 1 0]]
Neutro
(0, 0, 0, 0, 0, 0, 0, 0, 0)
[[0 1 0]]
Neutro
(790.4874724971946, 28794.246236949126, 58, 0.0, 0, 0, 0, 0, 0)
[[0 0 1]]
Positivo
(0, 0, 0, 0, 0, 0, 0, 0, 0)
[[0 1 0]]
Neutro
(147.0990195135928, 14306.37373008886, 24, 0.0, 0, 0, 0, 0, 0)
[[0 0 1]]
Positivo
(0, 0, 0, 0, 0, 0, 0, 0, 0)
[[0 1 0]]
Neutro
(5091.730243091331, 41364.92297587758, 327, 147.77895012676265, 4158.0, 4, 0, 0, 0)
[[0 1 0]]
Neutro
(0, 0, 0, 0.0, 0, 0, 0, 0, 0)
[[0 1 0]]
Neutro
(7854.341325681291, 49557.550600063594, 291, 0.0, 0, 0, 0, 0, 0)
[[0 1 0]]
Neutro
(0, 0, 0, 0, 0, 0, 0, 0, 0)
[[0 1 0]]
Neutro
(8399.194782789678, 54773.4239487939, 414, 0.0, 0, 0, 0, 0, 0)
[[0 1 0]]
Neutro
(0, 0, 0, 0, 0, 0, 0, 0, 0)
[[0 1 0]]
Neutro
(214.91376064999483, 2539.189569218475, 45, 0.0, 0, 1, 0, 0, 0)
[[0 0 1]]
Positivo
(0, 0, 0, 0, 0, 0, 0, 0, 0)
[[0 1 0]]
Neutro
(1686.65050584221, 11813.628095855522, 257, 1.4355479659285635, 815.0, 2, 0, 0, 0)
[[0 1 0]]
Neutro
(0, 0, 0, 0, 0, 0, 0, 0, 0)
[[0 1 0]]
Neutro
(150.38713812047848, 849.5784271513689, 43, 0.0, 0, 1, 0, 0, 0)
[[0 1 0]]
Neutro
(0, 0, 0, 0, 0, 0, 0, 0, 0)
[[0 1 0]]
Neutro
(2502.8131097192627, 97576.58354641296, 380, 1361.541307045128, 13384.0, 5, 0, 0, 0)
[[0 1 0]]
Neutro
(0, 0, 0, 0, 0, 0, 0, 0, 0)
[[0 1 0]]
Neutro
(661.3598506872661, 100734.03240904456, 87, 0.0, 0, 0, 0, 0, 0)
[[0 0 1]]
Positivo
(3852.036425003706, 14213.235108707988, 128, 0.0, 0, 0, 0, 0, 0)
[[1 0 0]]
Negativo
(661.3598506872661, 100734.03240904456, 87, 0.0, 0, 0, 0, 0, 0)
[[0 0 1]]
Positivo
(0, 0, 0, 0, 0, 0, 0, 0, 0)
[[0 1 0]]
Neutro
(0, 0, 0, 0, 0, 0, 0, 0, 0)
[[0 1 0]]
Neutro
(0, 0, 0, 0, 0, 0, 0, 0, 0)
[[0 1 0]]
Neutro
(0, 0, 0, 0, 0, 0, 0, 0, 0)
[[0 1 0]]
Neutro
(0, 0, 0, 0, 0, 0, 0, 0, 0)
[[0 1 0]]
Neutro
(0, 0, 0, 0, 0, 0, 0, 0, 0)
[[0 1 0]]
Neutro
(0, 0, 0, 0, 0, 0, 0, 0, 0)
[[0 1 0]]
Neutro
(1584.6876395525826, 24743.958615750522, 135, 364.3020871955247, 448.0, 2, 0, 0, 0)
[[0 0 1]]
Positivo
(0, 0, 0, 0, 0, 0, 0, 0, 0)
[[0 1 0]]
Neutro
(1584.6876395525826, 24743.958615750522, 135, 364.3020871955247, 448.0, 2, 0, 0, 0)
[[0 0 1]]
Positivo
(620.4376449019039, 607.449480878217, 16, 0.0, 0, 0, 0, 0, 0)
[[0 0 1]]
Positivo
(443.96172640310766, 562.3339076361426, 15, 0.0, 0, 0, 0, 0, 0)
[[1 0 0]]
Negativo
(0, 0, 0, 0, 0, 0, 0, 0, 0)
[[0 1 0]]
Neutro
(705.1802030134046, 2071.365460079148, 46, 0.0, 0, 1, 0, 0, 0)
[[1 0 0]]
Negativo
(697.216018793556, 29070.451570753747, 30, 0.0, 0, 0, 0, 0, 0)
[[0 0 1]]
Positivo
(0, 0, 0, 0, 0, 0, 0, 0, 0)
[[0 1 0]]
Neutro
(0, 0, 0, 0, 0, 0, 0, 0, 0)
[[0 1 0]]
Neutro
(0, 0, 0, 0, 0, 0, 0, 0, 0)
[[0 1 0]]
Neutro
(0, 0, 0, 0, 0, 0, 0, 0, 0)
[[0 1 0]]
Neutro
(0, 0, 0, 0, 0, 0, 0, 0, 0)
[[0 1 0]]
Neutro
(0, 0, 0, 0, 0, 0, 0, 0, 0)
[[0 1 0]]
Neutro
(0, 0, 0, 0, 0, 0, 0, 0, 0)
[[0 1 0]]
Neutro
(0, 0, 0, 0, 0, 0, 0, 0, 0)
[[0 1 0]]
Neutro
(0, 0, 0, 0, 0, 0, 0, 0, 0)
[[0 1 0]]
Neutro
(0, 0, 0, 0, 0, 0, 0, 0, 0)
[[0 1 0]]
Neutro
(0, 0, 0, 0, 0, 0, 0, 0, 0)
[[0 1 0]]
Neutro
(0, 0, 0, 0, 0, 0, 0, 0, 0)
[[0 1 0]]
Neutro
(0, 0, 0, 0, 0, 0, 0, 0, 0)
[[0 1 0]]
Neutro
(0, 0, 0, 0, 0, 0, 0, 0, 0)
[[0 1 0]]
Neutro
(0, 0, 0, 0, 0, 0, 0, 0, 0)
[[0 1 0]]
Neutro
(0, 0, 0, 0, 0, 0, 0, 0, 0)
[[0 1 0]]
Neutro
(0, 0, 0, 0, 0, 0, 0, 0, 0)
[[0 1 0]]
Neutro
(0, 0, 0, 0, 0, 0, 0, 0, 0)
[[0 1 0]]
Neutro
(0, 0, 0, 0, 0, 0, 0, 0, 0)
[[0 1 0]]
Neutro
(0, 0, 0, 0, 0, 0, 0, 0, 0)
[[0 1 0]]
Neutro
(0, 0, 0, 0, 0, 0, 0, 0, 0)
[[0 1 0]]
Neutro
(0, 0, 0, 0, 0, 0, 0, 0, 0)
[[0 1 0]]
Neutro
(9.478708664619075, 306.6962932553233, 7, 0.0, 0, 1, 0, 0, 0)
[[0 0 1]]
Positivo
(0, 0, 0, 0, 0, 0, 0, 0, 0)
[[0 1 0]]
Neutro
(0, 0, 0, 0, 0, 0, 0, 0, 0)
[[0 1 0]]
Neutro
(0, 0, 0, 0, 0, 0, 0, 0, 0)
[[0 1 0]]
Neutro
(166.72858419630765, 931.6525449876215, 30, 0.0, 4783.0, 6, 0, 0, 0)
[[0 1 0]]
Neutro
(0, 0, 0, 0, 0, 0, 0, 0, 0)
[[0 1 0]]
Neutro
(0, 0, 0, 0, 0, 0, 0, 0, 0)
[[0 1 0]]
Neutro
(2623.8591003503616, 1729.811194620168, 44, 0.0, 0, 0, 0, 0, 0)
[[0 0 1]]
Positivo
(0, 0, 0, 0, 0, 0, 0, 0, 0)
[[0 1 0]]
Neutro
(0, 0, 0, 0, 0, 0, 0, 0, 0)
[[0 1 0]]
Neutro
(0, 0, 0, 0, 0, 0, 0, 0, 0)
[[0 1 0]]
Neutro
(0, 0, 0, 0, 0, 0, 0, 0, 0)
[[0 1 0]]
Neutro
(0, 0, 0, 0, 0, 0, 0, 0, 0)
[[0 1 0]]
Neutro
(0, 0, 0, 0, 0, 0, 0, 0, 0)
[[0 1 0]]
Neutro
(0, 0, 0, 0, 0, 0, 0, 0, 0)
[[0 1 0]]
Neutro
(0, 0, 0, 0, 0, 0, 0, 0, 0)
[[0 1 0]]
Neutro
(0, 0, 0, 0, 0, 0, 0, 0, 0)
[[0 1 0]]
Neutro
(0, 0, 0, 0, 0, 0, 0, 0, 0)
[[0 1 0]]
Neutro
(22.82842712474619, 679.1803240219753, 20, 0.0, 640.0, 2, 0, 0, 0)
[[0 1 0]]
Neutro
(0, 0, 0, 0, 0, 0, 0, 0, 0)
[[0 1 0]]
Neutro
(0, 0, 0, 0, 0, 0, 0, 0, 0)
[[0 1 0]]
Neutro
(0, 0, 0, 0, 0, 0, 0, 0, 0)
[[0 1 0]]
Neutro
(0, 0, 0, 0, 0, 0, 0, 0, 0)
[[0 1 0]]
Neutro
(0, 0, 0, 0, 0, 0, 0, 0, 0)
[[0 1 0]]
Neutro
(0, 0, 0, 0, 0, 0, 0, 0, 0)
[[0 1 0]]
Neutro
(0, 0, 0, 0, 0, 0, 0, 0, 0)
[[0 1 0]]
Neutro
(0, 0, 0, 0, 0, 0, 0, 0, 0)
[[0 1 0]]
Neutro
(0, 0, 0, 0, 0, 0, 0, 0, 0)
[[0 1 0]]
Neutro
(0, 0, 0, 0, 0, 0, 0, 0, 0)
[[0 1 0]]
Neutro
(0, 0, 0, 0, 0, 0, 0, 0, 0)
[[0 1 0]]
Neutro
(0, 0, 0, 0, 0, 0, 0, 0, 0)
[[0 1 0]]
Neutro
(0, 0, 0, 0, 0, 0, 0, 0, 0)
[[0 1 0]]
Neutro
(0, 0, 0, 0, 0, 0, 0, 0, 0)
[[0 1 0]]
Neutro
(0, 0, 0, 0, 0, 0, 0, 0, 0)
[[0 1 0]]
Neutro
(0, 0, 0, 0, 0, 0, 0, 0, 0)
[[0 1 0]]
Neutro
(0, 0, 0, 0, 0, 0, 0, 0, 0)
[[0 1 0]]
Neutro
(0, 0, 0, 0, 0, 0, 0, 0, 0)
[[0 1 0]]
Neutro
(0, 0, 0, 0, 0, 0, 0, 0, 0)
[[0 1 0]]
Neutro
(0, 0, 0, 0, 0, 0, 0, 0, 0)
[[0 1 0]]
Neutro
(0, 0, 0, 0, 0, 0, 0, 0, 0)
[[0 1 0]]
Neutro
(0, 0, 0, 0, 0, 0, 0, 0, 0)
[[0 1 0]]
Neutro
(0, 0, 0, 0, 0, 0, 0, 0, 0)
[[0 1 0]]
Neutro
(0, 0, 0, 0, 0, 0, 0, 0, 0)
[[0 1 0]]
Neutro
(0, 0, 0, 0, 0, 0, 0, 0, 0)
[[0 1 0]]
Neutro
(0, 0, 0, 0, 0, 0, 0, 0, 0)
[[0 1 0]]
Neutro
(0, 0, 0, 0, 0, 0, 0, 0, 0)
[[0 1 0]]
Neutro
(0, 0, 0, 0, 0, 0, 0, 0, 0)
[[0 1 0]]
Neutro
(0, 0, 0, 0, 0, 0, 0, 0, 0)
[[0 1 0]]
Neutro
(0, 0, 0, 0, 0, 0, 0, 0, 0)
[[0 1 0]]
Neutro
(0, 0, 0, 0, 0, 0, 0, 0, 0)
[[0 1 0]]
Neutro
(0, 0, 0, 0, 0, 0, 0, 0, 0)
[[0 1 0]]
Neutro
(0, 0, 0, 0, 0, 0, 0, 0, 0)
[[0 1 0]]
Neutro
(0, 0, 0, 0, 0, 0, 0, 0, 0)
[[0 1 0]]
Neutro
(0, 0, 0, 0, 0, 0, 0, 0, 0)
[[0 1 0]]
Neutro
(0, 0, 0, 0, 0, 0, 0, 0, 0)
[[0 1 0]]
Neutro
(0, 0, 0, 0, 0, 0, 0, 0, 0)
[[0 1 0]]
Neutro
(0, 0, 0, 0, 0, 0, 0, 0, 0)
[[0 1 0]]
Neutro
(0, 0, 0, 0, 0, 0, 0, 0, 0)
[[0 1 0]]
Neutro
(0, 0, 0, 0, 0, 0, 0, 0, 0)
[[0 1 0]]
Neutro
(0, 0, 0, 0, 0, 0, 0, 0, 0)
[[0 1 0]]
Neutro
(0, 0, 0, 0, 0, 0, 0, 0, 0)
[[0 1 0]]
Neutro
(0, 0, 0, 0, 0, 0, 0, 0, 0)
[[0 1 0]]
Neutro
(0, 0, 0, 0, 0, 0, 0, 0, 0)
[[0 1 0]]
Neutro
(0, 0, 0, 0, 0, 0, 0, 0, 0)
[[0 1 0]]
Neutro
(0, 0, 0, 0, 0, 0, 0, 0, 0)
[[0 1 0]]
Neutro
(0, 0, 0, 0, 0, 0, 0, 0, 0)
[[0 1 0]]
Neutro
(0, 0, 0, 0, 0, 0, 0, 0, 0)
[[0 1 0]]
Neutro
(0, 0, 0, 0, 0, 0, 0, 0, 0)
[[0 1 0]]
Neutro
(0, 0, 0, 0, 0, 0, 0, 0, 0)
[[0 1 0]]
Neutro
(0, 0, 0, 0, 0, 0, 0, 0, 0)
[[0 1 0]]
Neutro
(0, 0, 0, 0, 0, 0, 0, 0, 0)
[[0 1 0]]
Neutro
(0, 0, 0, 0, 0, 0, 0, 0, 0)
[[0 1 0]]
Neutro
(0, 0, 0, 0, 0, 0, 0, 0, 0)
[[0 1 0]]
Neutro
(0, 0, 0, 0, 0, 0, 0, 0, 0)
[[0 1 0]]
Neutro
(0, 0, 0, 0, 0, 0, 0, 0, 0)
[[0 1 0]]
Neutro
(0, 0, 0, 0, 0, 0, 0, 0, 0)
[[0 1 0]]
Neutro
(0, 0, 0, 0, 0, 0, 0, 0, 0)
[[0 1 0]]
Neutro
(0, 0, 0, 0.0, 0, 0, 0, 0, 0)
[[0 1 0]]
Neutro
(1920.959531698151, 20715.395920909876, 68, 0.0, 0, 0, 0, 0, 0)
[[0 0 1]]
Positivo
(19005.45634006825, 247010.68643939326, 768, 0.0, 0, 0, 0, 0, 0)
[[0 0 1]]
Positivo
(49593.59048805676, 497024.5660570314, 1765, 0.0, 0, 0, 0, 0, 0)
[[0 0 1]]
Positivo
(15991.976164887306, 235413.51478800896, 766, 0.0, 0, 0, 0, 0, 0)
[[0 0 1]]
Positivo
(984.0679537400091, 2082.2969544928324, 80, 0.0, 0, 1, 0, 0, 0)
[[1 0 0]]
Negativo
(2431.7727910249955, 6321.779262164592, 178, 716.1352849668829, 12009.0, 4, 0, 0, 0)
[[0 1 0]]
Neutro
(156.76801095094416, 5910.535051941587, 82, 0.0, 0, 1, 0, 0, 0)
[[0 0 1]]
Positivo
(386.5881467065544, 18263.141376677773, 234, 101.07776775558118, 10418.0, 2, 0, 0, 0)
[[0 1 0]]
Neutro
(8326.828348642239, 225727.48888055226, 457, 0.0, 0, 1, 0, 0, 2)
[[0 0 1]]
Positivo
(35815.101655185565, 483488.3112483593, 1248, 0.0, 0, 1, 0, 0, 2)
[[0 0 1]]
Positivo
(37151.72998413402, 199431.39016069483, 795, 0.0, 0, 0, 0, 0, 0)
[[0 1 0]]
Neutro
(68594.70509147664, 297137.9251102265, 1525, 0.0, 0, 0, 0, 0, 0)
[[0 1 0]]
Neutro
(23208.241838102076, 61662.053070088295, 470, 0.0, 0, 0, 0, 0, 0)
[[1 0 0]]
Negativo
(69912.86716484497, 259645.30291877926, 1374, 0.0, 0, 0, 0, 0, 0)
[[1 0 0]]
Negativo
(0, 0, 0, 0, 0, 0, 0, 0, 7)
[[0 1 0]]
Neutro
(0, 0, 0, 0, 0, 0, 0, 0, 17)
[[0 1 0]]
Neutro
(0, 0, 0, 0, 0, 0, 0, 0, 0)
[[0 1 0]]
Neutro
(2170.3798110522016, 3958.750754722668, 222, 1446.0646121861384, 6063.0, 6, 0, 0, 0)
[[0 1 0]]
Neutro
(4577.4338219644715, 10119.194774794432, 320, 1446.0646121861384, 6063.0, 6, 0, 0, 0)
[[0 0 1]]
Positivo
(2570.7243376786246, 879384.7038970281, 517, 0.0, 0, 0, 0, 0, 0)
[[0 0 1]]
Positivo
(18863.515810447057, 916090.0435549418, 873, 0.0, 0, 0, 0, 0, 0)
[[0 0 1]]
Positivo
(689.8481092384694, 1440.0145958047399, 44, 0.0, 0, 0, 0, 0, 0)
[[1 0 0]]
Negativo
(2687.6070352344314, 3882.2869702657927, 100, 0.0, 0, 0, 0, 0, 0)
[[1 0 0]]
Negativo
(1427.0657240192947, 3493.7536386948987, 116, 0.0, 0, 0, 0, 0, 0)
[[1 0 0]]
Negativo
(1855.3118104798543, 9997.611632337397, 174, 0.0, 0, 0, 0, 0, 0)
[[0 1 0]]
Neutro
(4052.2217337960733, 13717.781438534572, 260, 0.0, 0, 0, 0, 0, 0)
[[1 0 0]]
Negativo
(7455.951500837507, 24538.740177637486, 586, 0.0, 0, 0, 0, 0, 0)
[[1 0 0]]
Negativo
(0, 0, 0, 0, 0, 0, 0, 0, 0)
[[0 1 0]]
Neutro
(9983.744583498259, 23886.34231292801, 369, 0.0, 0, 0, 0, 0, 0)
[[1 0 0]]
Negativo
(4483.837108193214, 23051.8115473698, 349, 0.0, 0, 0, 0, 0, 0)
[[0 1 0]]
Neutro
(11747.256895241711, 106634.48188164219, 831, 0.0, 0, 0, 0, 0, 0)
[[0 0 1]]
Positivo
(0, 0, 0, 0, 0, 0, 0, 0, 0)
[[0 1 0]]
Neutro
(0, 0, 0, 0, 0, 0, 0, 0, 0)
[[0 1 0]]
Neutro
(0, 0, 0, 0, 0, 0, 0, 0, 0)
[[0 1 0]]
Neutro
(0, 0, 0, 0, 0, 0, 0, 0, 0)
[[0 1 0]]
Neutro
(0, 0, 0, 0, 0, 0, 0, 0, 0)
[[0 1 0]]
Neutro
(0, 0, 0, 0, 0, 0, 0, 0, 0)
[[0 1 0]]
Neutro
(0, 0, 0, 0, 0, 0, 0, 0, 0)
[[0 1 0]]
Neutro
(0, 0, 0, 0, 0, 0, 0, 0, 0)
[[0 1 0]]
Neutro
(0, 0, 0, 0, 0, 0, 0, 0, 0)
[[0 1 0]]
Neutro
(0, 0, 0, 0, 0, 0, 0, 0, 0)
[[0 1 0]]
Neutro
(592.0231347140685, 285.89633032684884, 13, 0.0, 0, 0, 0, 0, 0)
[[0 0 1]]
Positivo
(0, 0, 0, 0, 0, 0, 0, 0, 0)
[[0 1 0]]
Neutro
(0, 0, 0, 0, 0, 0, 0, 0, 0)
[[0 1 0]]
Neutro
(0, 0, 0, 0, 0, 0, 0, 0, 0)
[[0 1 0]]
Neutro
(56.05760374191992, 571.9551811474553, 11, 0.0, 0, 0, 0, 0, 0)
[[0 0 1]]
Positivo
(0, 0, 0, 0, 0, 0, 0, 0, 0)
[[0 1 0]]
Neutro
(0, 0, 0, 0, 0, 0, 0, 0, 0)
[[0 1 0]]
Neutro
(0, 0, 0, 0, 0, 0, 0, 0, 0)
[[0 1 0]]
Neutro
(0, 0, 0, 0, 0, 0, 0, 0, 0)
[[0 1 0]]
Neutro
(0, 0, 0, 0, 0, 0, 0, 0, 0)
[[0 1 0]]
Neutro
(0, 0, 0, 0, 0, 0, 0, 0, 0)
[[0 1 0]]
Neutro
(0, 0, 0, 0, 0, 0, 0, 0, 0)
[[0 1 0]]
Neutro
(0, 0, 0, 0, 0, 0, 0, 0, 0)
[[0 1 0]]
Neutro
(0, 0, 0, 0, 0, 0, 0, 0, 0)
[[0 1 0]]
Neutro
(0, 0, 0, 0, 0, 0, 0, 0, 0)
[[0 1 0]]
Neutro
(0, 0, 0, 0, 0, 0, 0, 0, 0)
[[0 1 0]]
Neutro
(0, 0, 0, 0, 0, 0, 0, 0, 0)
[[0 1 0]]
Neutro
(0, 0, 0, 0, 0, 0, 0, 0, 0)
[[0 1 0]]
Neutro
(0, 0, 0, 0, 0, 0, 0, 0, 0)
[[0 1 0]]
Neutro
(0, 0, 0, 0, 0, 0, 0, 0, 0)
[[0 1 0]]
Neutro
(0, 0, 0, 0, 0, 0, 0, 0, 0)
[[0 1 0]]
Neutro
(0, 0, 0, 0, 0, 0, 0, 0, 0)
[[0 1 0]]
Neutro
(0, 0, 0, 0, 0, 0, 0, 0, 0)
[[0 1 0]]
Neutro
(0, 0, 0, 0, 0, 0, 0, 0, 0)
[[0 1 0]]
Neutro
(0, 0, 0, 0, 0, 0, 0, 0, 0)
[[0 1 0]]
Neutro
(0, 0, 0, 0, 0, 0, 0, 0, 0)
[[0 1 0]]
Neutro
(0, 0, 0, 0, 0, 0, 0, 0, 0)
[[0 1 0]]
Neutro
(0, 0, 0, 0, 0, 0, 0, 0, 0)
[[0 1 0]]
Neutro
(0, 0, 0, 0, 0, 0, 0, 0, 0)
[[0 1 0]]
Neutro
(0, 0, 0, 0, 0, 0, 0, 0, 0)
[[0 1 0]]
Neutro
(0, 0, 0, 0, 0, 0, 0, 0, 0)
[[0 1 0]]
Neutro
(0, 0, 0, 0, 0, 0, 0, 0, 0)
[[0 1 0]]
Neutro
(0, 0, 0, 0, 0, 0, 0, 0, 0)
[[0 1 0]]
Neutro
(0, 0, 0, 0, 0, 0, 0, 0, 0)
[[0 1 0]]
Neutro
(0, 0, 0, 0, 0, 0, 0, 0, 0)
[[0 1 0]]
Neutro
(0, 0, 0, 0, 0, 0, 0, 0, 0)
[[0 1 0]]
Neutro
(0, 0, 0, 0, 0, 0, 0, 0, 0)
[[0 1 0]]
Neutro
(0, 0, 0, 0, 0, 0, 0, 0, 0)
[[0 1 0]]
Neutro
(0, 0, 0, 0, 0, 0, 0, 0, 0)
[[0 1 0]]
Neutro
(0, 0, 0, 0, 0, 0, 0, 0, 0)
[[0 1 0]]
Neutro
(0, 0, 0, 0, 0, 0, 0, 0, 0)
[[0 1 0]]
Neutro
(0, 0, 0, 0, 0, 0, 0, 0, 0)
[[0 1 0]]
Neutro
(0, 0, 0, 0, 0, 0, 0, 0, 0)
[[0 1 0]]
Neutro
(0, 0, 0, 0, 0, 0, 0, 0, 0)
[[0 1 0]]
Neutro
(0, 0, 0, 0, 0, 0, 0, 0, 0)
[[0 1 0]]
Neutro
(0, 0, 0, 0, 0, 0, 0, 0, 0)
[[0 1 0]]
Neutro
(0, 0, 0, 0, 0, 0, 0, 0, 0)
[[0 1 0]]
Neutro
(0, 0, 0, 0, 0, 0, 0, 0, 0)
[[0 1 0]]
Neutro
(0, 0, 0, 0, 0, 0, 0, 0, 0)
[[0 1 0]]
Neutro
(0, 0, 0, 0, 0, 0, 0, 0, 0)
[[0 1 0]]
Neutro
(0, 0, 0, 0, 0, 0, 0, 0, 0)
[[0 1 0]]
Neutro
(0, 0, 0, 0, 0, 0, 0, 0, 0)
[[0 1 0]]
Neutro
(0, 0, 0, 0, 0, 0, 0, 0, 0)
[[0 1 0]]
Neutro
 * Serving Flask app 'app' (lazy loading)
 * Environment: production
   WARNING: This is a development server. Do not use it in a production deployment.
   Use a production WSGI server instead.
 * Debug mode: on
 * Serving Flask app 'app' (lazy loading)
 * Environment: production
   WARNING: This is a development server. Do not use it in a production deployment.
   Use a production WSGI server instead.
 * Debug mode: on
